<?xml version="1.0" encoding="UTF-8"?>
<!-- Generated by org.testng.reporters.JUnitReportReporter -->
<testsuite ignored="0" hostname="LAPTOP-QNS83QFF" failures="0" tests="1" name="pruebaNG.Selftest" time="14.230" errors="0" timestamp="20 abr. 2024 16:52:44 GMT" skipped="0">
  <testcase classname="pruebaNG.Selftest" name="test01" time="14.230"/>
</testsuite> <!-- pruebaNG.Selftest -->
